[Licensing::Module] Trying to connect to existing licensing client channel...
Built from '6000.4/staging' branch; Version is '6000.4.0f1 (8cf496087c8f) revision 9237654'; Using compiler version '194234433'; Build Type 'Release'
[Licensing::IpcConnector] Successfully connected to: "LicenseClient-GIGABUYTE" at "2026-04-13T14:14:38.6457896Z"
OS: 'Windows 11  (10.0.26200) CoreSingleLanguage' Language: 'en' Physical Memory: 16104 MB
BatchMode: 1, IsHumanControllingUs: 0, StartBugReporterOnCrash: 0, Is64bit: 1
System  architecture: x64
Process architecture: x64
Date: 2026-04-13T14:14:38Z

COMMAND LINE ARGUMENTS:
C:\Program Files\Unity\Hub\Editor\6000.4.0f1\Editor\Unity.exe
-adb2
-batchMode
-noUpm
-name
AssetImportWorker2
-projectPath
D:/Project Game TTDT/Final
-logFile
Logs/AssetImportWorker2.log
-srvPort
58180
-licensingIpc
LicenseClient-GIGABUYTE
-force-d3d12
-job-worker-count
5
-background-job-worker-count
8
-gc-helper-count
1
-name
AssetImport
Successfully changed project path to: D:/Project Game TTDT/Final
D:/Project Game TTDT/Final
[UnityMemory] Configuration Parameters - Can be set up in boot.config
    "memorysetup-temp-allocator-size-gi-baking-worker=262144"
    "memorysetup-temp-allocator-size-gi-baking-worker=262144"
    "memorysetup-temp-allocator-size-gi-baking-worker=262144"
    "memorysetup-temp-allocator-size-gi-baking-worker=262144"
    "memorysetup-temp-allocator-size-gi-baking-worker=262144"
    "memorysetup-temp-allocator-size-nav-mesh-worker=65536"
    "memorysetup-temp-allocator-size-audio-worker=65536"
    "memorysetup-temp-allocator-size-cloud-worker=32768"
    "memorysetup-temp-allocator-size-gfx=262144"
    "memorysetup-temp-allocator-size-preload-manager=33554432"
    "memorysetup-temp-allocator-size-job-worker=262144"
    "memorysetup-temp-allocator-size-background-worker=32768"
    "memorysetup-allocator-temp-initial-block-size-main=262144"
    "memorysetup-allocator-temp-initial-block-size-worker=262144"
    "memorysetup-bucket-allocator-granularity=16"
    "memorysetup-bucket-allocator-bucket-count=8"
    "memorysetup-bucket-allocator-block-size=33554432"
    "memorysetup-bucket-allocator-block-count=8"
    "memorysetup-main-allocator-block-size=16777216"
    "memorysetup-thread-allocator-block-size=16777216"
    "memorysetup-gfx-main-allocator-block-size=16777216"
    "memorysetup-gfx-thread-allocator-block-size=16777216"
    "memorysetup-cache-allocator-block-size=4194304"
    "memorysetup-typetree-allocator-block-size=2097152"
    "memorysetup-profiler-bucket-allocator-granularity=16"
    "memorysetup-profiler-bucket-allocator-bucket-count=8"
    "memorysetup-profiler-bucket-allocator-block-size=33554432"
    "memorysetup-profiler-bucket-allocator-block-count=8"
    "memorysetup-profiler-allocator-block-size=16777216"
    "memorysetup-profiler-editor-allocator-block-size=1048576"
    "memorysetup-temp-allocator-size-main=16777216"
    "memorysetup-job-temp-allocator-block-size=2097152"
    "memorysetup-job-temp-allocator-block-size-background=1048576"
    "memorysetup-job-temp-allocator-reduction-small-platforms=262144"
Player connection [16652]  Target information:

Player connection [16652]  * "[IP] 192.168.1.9 [Port] 0 [Flags] 2 [Guid] 2210653328 [EditorId] 2210653328 [Version] 1048832 [Id] WindowsEditor(7,DESKTOP-83LP9EF) [Debug] 1 [PackageName] WindowsEditor [ProjectName] Editor" 

Player connection [16652] Host joined multi-casting on [225.0.0.222:54997]...
Player connection [16652] Host joined alternative multi-casting on [225.0.0.222:34997]...
JobSystem: Creating JobQueue using job-worker-count value 5
Input System module state changed to: Initialized.
[Physics::Module] Initialized fallback backend.
[Physics::Module] Id: 0xdecafbad
Library Redirect Path: Library/
[Physics::Module] Selected backend.
[Physics::Module] Name: PhysX
[Physics::Module] Id: 0xf2b8ea05
[Physics::Module] SDK Version: 4.1.2
[Physics::Module] Integration Version: 1.0.0
[Physics::Module] Threading Mode: Multi-Threaded
Refreshing native plugins compatible for Editor in 23.84 ms, found 7 plugins.
Initialize engine version: 6000.4.0f1 (8cf496087c8f)
[Subsystems] Discovering subsystems at path C:/Program Files/Unity/Hub/Editor/6000.4.0f1/Editor/Data/Resources/UnitySubsystems
[Subsystems] Discovering subsystems at path D:/Project Game TTDT/Final/Assets
Forcing GfxDevice: Direct3D 12
GfxDevice: creating device client; kGfxThreadingModeNonThreaded
d3d12: failed to query info queue interface (0x80004002).
Direct3D:
    Version:         Direct3D 12 [level 12.2]
    Renderer:        NVIDIA GeForce RTX 4050 Laptop GPU (ID=0x28a1)
    Vendor:          NVIDIA
    VRAM:            5920 MB
    App VRAM Budget: 5152 MB
    Driver:          32.0.15.9159
Initialize mono
Mono path[0] = 'C:/Program Files/Unity/Hub/Editor/6000.4.0f1/Editor/Data/Managed'
Mono path[1] = 'C:/Program Files/Unity/Hub/Editor/6000.4.0f1/Editor/Data/MonoBleedingEdge/lib/mono/unityjit-win32'
Mono config path = 'C:/Program Files/Unity/Hub/Editor/6000.4.0f1/Editor/Data/MonoBleedingEdge/etc'
Using monoOptions --debugger-agent=transport=dt_socket,embedding=1,server=y,suspend=n,address=127.0.0.1:56788
CodeReloadManager initialized
Begin MonoManager ReloadAssembly
Registering precompiled unity dll's ...
Register platform support module: C:/Program Files/Unity/Hub/Editor/6000.4.0f1/Editor/Data/PlaybackEngines/WindowsStandaloneSupport/UnityEditor.WindowsStandalone.Extensions.dll
Registered in 0.001750 seconds.
Native extension for WindowsStandalone target not found
Package Manager log level set to [2]
[Package Manager] Failed to launch server process. Reason: Unity was launched with the -noUpm command-line argument
[Package Manager] Unable to send message (not connected to server process).
[Package Manager] Cannot connect to Unity Package Manager local server
ScheduleIndexationOnStartup MainProcess:False IndexOnStartup:True
Mono: successfully reloaded assembly
- Finished resetting the current domain, in  0.743 seconds
Domain Reload Profiling: 1448ms
	BeginReloadAssembly (148ms)
	RebuildCommonClasses (57ms)
	RebuildNativeTypeToScriptingClass (28ms)
	initialDomainReloadingComplete (107ms)
	LoadAllAssembliesAndSetupDomain (363ms)
		LoadAssemblies (145ms)
		AnalyzeDomain (346ms)
			TypeCache.Refresh (344ms)
				TypeCache.ScanAssembly (314ms)
	FinalizeReload (746ms)
		SetupLoadedEditorAssemblies (0ms)
			InitializePlatformSupportModulesInManaged (82ms)
			BeforeProcessingInitializeOnLoad (147ms)
			ProcessInitializeOnLoadAttributes (245ms)
			ProcessInitializeOnLoadMethodAttributes (159ms)
Assembly reference Packages/com.unity.cinemachine/Editor/Samples/ExposeHDRPInternals/HDRP-Editor-ref.asmref has no target assembly definition
========================================================================
Worker process is ready to serve import requests
Import Worker Mode flag is 0x00
Assembly reference Packages/com.unity.cinemachine/Editor/Samples/ExposeHDRPInternals/HDRP-Editor-ref.asmref has no target assembly definition
Assembly reference Packages/com.unity.cinemachine/Editor/Samples/ExposeHDRPInternals/HDRP-Editor-ref.asmref has no target assembly definition
[Licensing::Client] Error: HandshakeResponse reported an error:
	ResponseCode: 505
	ResponseStatus: Unsupported protocol version '1.18.1'.
[Licensing::Module] Error: Failed to handshake to channel: "LicenseClient-GIGABUYTE"
[Licensing::IpcConnector] LicenseClient-GIGABUYTE channel disconnected successfully.
[Licensing::IpcConnector] Successfully connected to: "LicenseClient-GIGABUYTE-6000.4.0" at "2026-04-13T14:14:42.012673Z"
Begin MonoManager ReloadAssembly
[Licensing::Module] Licensing is not yet initialized.
[Licensing::Client] Handshaking with LicensingClient:
  Version:                 1.18.1+9fbee8e
  Session Id:              4d887f3f8f38479a9cd6df8dc17e554c
  Correlation Id:          8e274485a18356e950b13010a8eb6ab4
  External correlation Id: 1958476885013280009
  Machine Id:              ttg343R107wRBlsyzXGi+bS0jqM=
[Licensing::Module] Successfully connected to LicensingClient on channel: "LicenseClient-GIGABUYTE-6000.4.0" (connect: 0.00s, validation: 0.00s, handshake: 2.40s)
[Licensing::IpcConnector] Successfully connected to: "LicenseClient-GIGABUYTE-6000.4.0-notifications" at "2026-04-13T14:14:44.4173659Z"
[Licensing::Module] Licensing Background thread has ended after 5.77s
[Licensing::Module] Licensing is initialized (took 2.38s).
[Licensing::Client] Successfully resolved entitlement details
[Licensing::Module] License group:
  Id: 18968408505739-UnityPersXXXX
  Product: Unity Personal
  Type: Assigned
  Expiration: Unlimited
Assembly Assembly-CSharp-Editor-firstpass.dll at Library/ScriptAssemblies/Assembly-CSharp-Editor-firstpass.dll not valid. Loading of assembly skipped.
Assembly Assembly-CSharp-firstpass.dll at Library/ScriptAssemblies/Assembly-CSharp-firstpass.dll not valid. Loading of assembly skipped.
Assembly DocCodeExamples.dll at Library/ScriptAssemblies/DocCodeExamples.dll not valid. Loading of assembly skipped.
Assembly TestNewCustomAssembly.dll at Library/ScriptAssemblies/TestNewCustomAssembly.dll not valid. Loading of assembly skipped.
Assembly Unity.2D.Animation.EditorTests.dll at Library/ScriptAssemblies/Unity.2D.Animation.EditorTests.dll not valid. Loading of assembly skipped.
Assembly Unity.2D.Aseprite.EditorTests.dll at Library/ScriptAssemblies/Unity.2D.Aseprite.EditorTests.dll not valid. Loading of assembly skipped.
Assembly Unity.2D.Common.EditorTests.dll at Library/ScriptAssemblies/Unity.2D.Common.EditorTests.dll not valid. Loading of assembly skipped.
Assembly Unity.2D.PixelPerfect.Editor.Tests.dll at Library/ScriptAssemblies/Unity.2D.PixelPerfect.Editor.Tests.dll not valid. Loading of assembly skipped.
Assembly Unity.2D.Psdimporter.EditorTests.dll at Library/ScriptAssemblies/Unity.2D.Psdimporter.EditorTests.dll not valid. Loading of assembly skipped.
Assembly Unity.2D.Sprite.Package.EditorTests.dll at Library/ScriptAssemblies/Unity.2D.Sprite.Package.EditorTests.dll not valid. Loading of assembly skipped.
Assembly Unity.2D.SpriteShape.EditorTests.dll at Library/ScriptAssemblies/Unity.2D.SpriteShape.EditorTests.dll not valid. Loading of assembly skipped.
Assembly Unity.2D.Tilemap.Package.EditorTests.dll at Library/ScriptAssemblies/Unity.2D.Tilemap.Package.EditorTests.dll not valid. Loading of assembly skipped.
Assembly Unity.Collections.BurstCompatibilityGen.dll at Library/ScriptAssemblies/Unity.Collections.BurstCompatibilityGen.dll not valid. Loading of assembly skipped.
Assembly Unity.Collections.DocCodeSamples.dll at Library/ScriptAssemblies/Unity.Collections.DocCodeSamples.dll not valid. Loading of assembly skipped.
Assembly Unity.Collections.PerformanceTests.dll at Library/ScriptAssemblies/Unity.Collections.PerformanceTests.dll not valid. Loading of assembly skipped.
Assembly Unity.Collections.Tests.dll at Library/ScriptAssemblies/Unity.Collections.Tests.dll not valid. Loading of assembly skipped.
Assembly Unity.Collections.Tests.Playmode.dll at Library/ScriptAssemblies/Unity.Collections.Tests.Playmode.dll not valid. Loading of assembly skipped.
Assembly Unity.InputSystem.IntegrationTests.dll at Library/ScriptAssemblies/Unity.InputSystem.IntegrationTests.dll not valid. Loading of assembly skipped.
Assembly Unity.Mathematics.Tests.dll at Library/ScriptAssemblies/Unity.Mathematics.Tests.dll not valid. Loading of assembly skipped.
Assembly Unity.Multiplayer.Center.Editor.Tests.dll at Library/ScriptAssemblies/Unity.Multiplayer.Center.Editor.Tests.dll not valid. Loading of assembly skipped.
Assembly Unity.Multiplayer.Center.Tests.dll at Library/ScriptAssemblies/Unity.Multiplayer.Center.Tests.dll not valid. Loading of assembly skipped.
Assembly Unity.Nuget.Mono-Cecil.dll at Library/ScriptAssemblies/Unity.Nuget.Mono-Cecil.dll not valid. Loading of assembly skipped.
Assembly Unity.PathTracing.Editor.Tests.dll at Library/ScriptAssemblies/Unity.PathTracing.Editor.Tests.dll not valid. Loading of assembly skipped.
Assembly Unity.PathTracing.Runtime.Tests.dll at Library/ScriptAssemblies/Unity.PathTracing.Runtime.Tests.dll not valid. Loading of assembly skipped.
Assembly Unity.RenderPipelines.Core.Editor.Tests.dll at Library/ScriptAssemblies/Unity.RenderPipelines.Core.Editor.Tests.dll not valid. Loading of assembly skipped.
Assembly Unity.RenderPipelines.Core.Runtime.Tests.dll at Library/ScriptAssemblies/Unity.RenderPipelines.Core.Runtime.Tests.dll not valid. Loading of assembly skipped.
Assembly Unity.RenderPipelines.Universal.Config.Editor.Tests.dll at Library/ScriptAssemblies/Unity.RenderPipelines.Universal.Config.Editor.Tests.dll not valid. Loading of assembly skipped.
Assembly Unity.RenderPipelines.Universal.Editor.Tests.dll at Library/ScriptAssemblies/Unity.RenderPipelines.Universal.Editor.Tests.dll not valid. Loading of assembly skipped.
Assembly Unity.RenderPipelines.Universal.Runtime.Tests.dll at Library/ScriptAssemblies/Unity.RenderPipelines.Universal.Runtime.Tests.dll not valid. Loading of assembly skipped.
Assembly Unity.Searcher.EditorTests.dll at Library/ScriptAssemblies/Unity.Searcher.EditorTests.dll not valid. Loading of assembly skipped.
Assembly Unity.Settings.Tests.dll at Library/ScriptAssemblies/Unity.Settings.Tests.dll not valid. Loading of assembly skipped.
Assembly Unity.ShaderGraph.Editor.Tests.dll at Library/ScriptAssemblies/Unity.ShaderGraph.Editor.Tests.dll not valid. Loading of assembly skipped.
Assembly Unity.TextMeshPro.Editor.Tests.dll at Library/ScriptAssemblies/Unity.TextMeshPro.Editor.Tests.dll not valid. Loading of assembly skipped.
Assembly Unity.TextMeshPro.Tests.dll at Library/ScriptAssemblies/Unity.TextMeshPro.Tests.dll not valid. Loading of assembly skipped.
Assembly Unity.UnifiedRayTracing.Editor.Tests.dll at Library/ScriptAssemblies/Unity.UnifiedRayTracing.Editor.Tests.dll not valid. Loading of assembly skipped.
Assembly UnityEditor.UI.Common.Tests.dll at Library/ScriptAssemblies/UnityEditor.UI.Common.Tests.dll not valid. Loading of assembly skipped.
Assembly UnityEditor.UI.EditorTests.dll at Library/ScriptAssemblies/UnityEditor.UI.EditorTests.dll not valid. Loading of assembly skipped.
Assembly UnityEngine.UI.Tests.dll at Library/ScriptAssemblies/UnityEngine.UI.Tests.dll not valid. Loading of assembly skipped.
Symbol file LoadedFromMemory is not a mono symbol file
Assembly reference Packages/com.unity.cinemachine/Editor/Samples/ExposeHDRPInternals/HDRP-Editor-ref.asmref has no target assembly definition
'Packages/com.unity.cinemachine/Editor/Obsolete/CinemachineVirtualCameraBaseEditor.cs' contains partial class of Unity.Object, exactly 1 of the partial classes needs to be in a file with the same filename. This is to know the one that can be referenced from ie. GameObjects
'Packages/com.unity.cinemachine/Editor/Editors/CinemachineVirtualCameraBaseEditor.cs' contains partial class of Unity.Object, exactly 1 of the partial classes needs to be in a file with the same filename. This is to know the one that can be referenced from ie. GameObjects
Refreshing native plugins compatible for Editor in 4.14 ms, found 7 plugins.
Native extension for WindowsStandalone target not found
Assembly reference Packages/com.unity.cinemachine/Editor/Samples/ExposeHDRPInternals/HDRP-Editor-ref.asmref has no target assembly definition
[Package Manager] Failed to launch server process. Reason: Unity was launched with the -noUpm command-line argument
[Package Manager] Unable to send message (not connected to server process).
[Package Manager] Cannot connect to Unity Package Manager local server
[Package Manager] Failed to launch server process. Reason: Unity was launched with the -noUpm command-line argument
[Package Manager] Unable to send message (not connected to server process).
[Package Manager] Cannot connect to Unity Package Manager local server
[Package Manager] Failed to launch server process. Reason: Unity was launched with the -noUpm command-line argument
[Package Manager] Unable to send message (not connected to server process).
[Package Manager] Cannot connect to Unity Package Manager local server
ScheduleIndexationOnStartup MainProcess:False IndexOnStartup:True
Mono: successfully reloaded assembly
- Finished resetting the current domain, in  1.178 seconds
Domain Reload Profiling: 4630ms
	BeginReloadAssembly (2589ms)
		DisableScriptedObjects (8ms)
		CreateAndSetChildDomain (34ms)
	RebuildCommonClasses (50ms)
	RebuildNativeTypeToScriptingClass (15ms)
	initialDomainReloadingComplete (78ms)
	LoadAllAssembliesAndSetupDomain (721ms)
		LoadAssemblies (462ms)
		AnalyzeDomain (358ms)
			TypeCache.Refresh (242ms)
				TypeCache.ScanAssembly (220ms)
			BuildScriptInfoCaches (98ms)
			ResolveRequiredComponents (16ms)
	FinalizeReload (1178ms)
		SetupLoadedEditorAssemblies (0ms)
			BeforeProcessingInitializeOnLoad (173ms)
			ProcessInitializeOnLoadAttributes (644ms)
			ProcessInitializeOnLoadMethodAttributes (153ms)
			AfterProcessingInitializeOnLoad (5ms)
		AwakeInstancesAfterBackupRestoration (7ms)
Launched and connected shader compiler UnityShaderCompiler.exe after 0.02 seconds
Refreshing native plugins compatible for Editor in 4.44 ms, found 7 plugins.
Unloading 25 Unused Serialized files (Serialized files now loaded: 0)
Unloading 7481 unused Assets / (5.3 MB). Loaded Objects now: 8303.
Memory consumption went from 168.3 MB to 163.0 MB.
Total: 11.403800 ms (FindLiveObjects: 0.789700 ms CreateObjectMapping: 1.041100 ms MarkObjects: 7.066000 ms  DeleteObjects: 2.503900 ms)

========================================================================
Received Import Request.
  Time since last request: 419.668392 seconds.
  path: Assets/Map/Linhtinh/buicay_8.asset
  importAddress: Guid(5be6342954692bf4a9c64cd0e09d71b1) Importer(2089858483,b0f066a214c2f5e87bad3c948f4d605d)
Start importing Assets/Map/Linhtinh/buicay_8.asset using Guid(5be6342954692bf4a9c64cd0e09d71b1) Importer(2089858483,b0f066a214c2f5e87bad3c948f4d605d) (ScriptedImporter) -> (Import Result ID: '7c9e3a7b50c7efde01a24a4e4311458c') in 0.132938 seconds [static and dynamic dependencies]. Details - ImportResultOutputID=8ea9e0f740d76ec017d8b36b0ac8e3e0 DependenciesID=3b0b04f5cb6ace31f130a714c8df88a9 StaticDependenciesID=f677fc5496662191f9a0e83bd1aed0a3 
Number of updated asset objects reloaded before import = 0Number of asset objects unloaded after import = 2

========================================================================
Received Import Request.
  Time since last request: 0.000048 seconds.
  path: Assets/Map/Spitess/cotco.png
  importAddress: Guid(dc020f9760d818c49a32243fa4bb0369) Importer(2089858483,b0f066a214c2f5e87bad3c948f4d605d)
Start importing Assets/Map/Spitess/cotco.png using Guid(dc020f9760d818c49a32243fa4bb0369) Importer(2089858483,b0f066a214c2f5e87bad3c948f4d605d) (ScriptedImporter) -> (Import Result ID: 'addb6aa8b46b13ecbb254d7ddb34b8b8') in 0.0782751 seconds [static and dynamic dependencies]. Details - ImportResultOutputID=b385129029aa954745d292f9d029e516 DependenciesID=e1432c0f7cdb936af68f9ebf841982df StaticDependenciesID=8215aee6164c17d4e520d82e12cac8be 
Number of updated asset objects reloaded before import = 0Number of asset objects unloaded after import = 3

========================================================================
Received Import Request.
  Time since last request: 0.000046 seconds.
  path: Assets/Map/Spitess/cay2.png
  importAddress: Guid(4df0e935f7b3f2e419b8bffcd831365e) Importer(2089858483,b0f066a214c2f5e87bad3c948f4d605d)
Start importing Assets/Map/Spitess/cay2.png using Guid(4df0e935f7b3f2e419b8bffcd831365e) Importer(2089858483,b0f066a214c2f5e87bad3c948f4d605d) (ScriptedImporter) -> (Import Result ID: 'a784f2dafbde74478367b22f2a666df0') in 0.0254937 seconds [static and dynamic dependencies]. Details - ImportResultOutputID=8a0dbec02dbf1500e34d62a68bfc462b DependenciesID=5f77bad3a987ed65a5518d9bbfea73b4 StaticDependenciesID=c399d393bf7d9832c381f44222a96a82 
Number of updated asset objects reloaded before import = 0Number of asset objects unloaded after import = 8

========================================================================
Received Import Request.
  Time since last request: 0.000042 seconds.
  path: Assets/Map/Linhtinh/cayco_10.asset
  importAddress: Guid(a7708207d220abe4d83eac5b7517f9fa) Importer(2089858483,b0f066a214c2f5e87bad3c948f4d605d)
Start importing Assets/Map/Linhtinh/cayco_10.asset using Guid(a7708207d220abe4d83eac5b7517f9fa) Importer(2089858483,b0f066a214c2f5e87bad3c948f4d605d) (ScriptedImporter) -> (Import Result ID: 'adfc7b9ae58354e4bd276fe5544d21f2') in 0.0146936 seconds [static and dynamic dependencies]. Details - ImportResultOutputID=3251d2de1c20acca412c2bce5e247b18 DependenciesID=7e2a56930f876686eca66c83525ef7e2 StaticDependenciesID=8cf2d1120125f937a87bb099a00b6c75 
Number of updated asset objects reloaded before import = 0Number of asset objects unloaded after import = 2

========================================================================
Received Import Request.
  Time since last request: 0.000024 seconds.
  path: Assets/Map/Linhtinh/buicay_13.asset
  importAddress: Guid(78281c7ab51405745a999edbc1125754) Importer(2089858483,b0f066a214c2f5e87bad3c948f4d605d)
Start importing Assets/Map/Linhtinh/buicay_13.asset using Guid(78281c7ab51405745a999edbc1125754) Importer(2089858483,b0f066a214c2f5e87bad3c948f4d605d) (ScriptedImporter) -> (Import Result ID: '629e232d3525183c9173f5618f73cfb6') in 0.015704 seconds [static and dynamic dependencies]. Details - ImportResultOutputID=50175945f5ae4be91d0a92ac4b6bd813 DependenciesID=604eb9a3d9530b9736590d282d745aae StaticDependenciesID=1f744d1a0527cde0866c79d5b21f9f37 
Number of updated asset objects reloaded before import = 0Number of asset objects unloaded after import = 2

========================================================================
Received Import Request.
  Time since last request: 0.000024 seconds.
  path: Assets/Map/Linhtinh
  importAddress: Guid(66300d8c2a0fce84487a8b5a2ceb7dcc) Importer(2089858483,b0f066a214c2f5e87bad3c948f4d605d)
Start importing Assets/Map/Linhtinh using Guid(66300d8c2a0fce84487a8b5a2ceb7dcc) Importer(2089858483,b0f066a214c2f5e87bad3c948f4d605d) (ScriptedImporter) -> (Import Result ID: 'dd5aa8419d9f86f30263c63e3065b7c4') in 0.0160383 seconds [static and dynamic dependencies]. Details - ImportResultOutputID=9524df7b45abfa1ec597d232b19fb185 DependenciesID=defe3913b5914ce3d977864c93cc4e13 StaticDependenciesID=6d51d14e071792f3de0c4919814248f1 
Number of updated asset objects reloaded before import = 0Number of asset objects unloaded after import = 1

========================================================================
Received Import Request.
  Time since last request: 0.000021 seconds.
  path: Assets/Map/Linhtinh/caychuoi_4.asset
  importAddress: Guid(8f5d33d78a11cd84cb69ad6f3e5bc231) Importer(2089858483,b0f066a214c2f5e87bad3c948f4d605d)
Start importing Assets/Map/Linhtinh/caychuoi_4.asset using Guid(8f5d33d78a11cd84cb69ad6f3e5bc231) Importer(2089858483,b0f066a214c2f5e87bad3c948f4d605d) (ScriptedImporter) -> (Import Result ID: 'b193f95ac0abdc75e0e8daf1c6bbc69b') in 0.0144354 seconds [static and dynamic dependencies]. Details - ImportResultOutputID=dd337c8802eac74845d67dbb90ab32ec DependenciesID=4ad96e170b103688c0aa3926ea4e77f7 StaticDependenciesID=1cd6c820491cca502d4c6b54bb4fbfcd 
Number of updated asset objects reloaded before import = 0Number of asset objects unloaded after import = 2

========================================================================
Received Import Request.
  Time since last request: 0.000029 seconds.
  path: Assets/Scenes/Home.unity
  importAddress: Guid(a42c41223e1de484fa2fa62695ff3dc9) Importer(2089858483,b0f066a214c2f5e87bad3c948f4d605d)
Start importing Assets/Scenes/Home.unity using Guid(a42c41223e1de484fa2fa62695ff3dc9) Importer(2089858483,b0f066a214c2f5e87bad3c948f4d605d) (ScriptedImporter) -> (Import Result ID: 'a2e5dcdea2d3430e87cdf762af853666') in 0.0631495 seconds [static and dynamic dependencies]. Details - ImportResultOutputID=4bf45df53e440cb50e2519696b62b810 DependenciesID=1b9171cbdb753d3c8822aff8d6ae14a9 StaticDependenciesID=78552bd6e04426ec5250b059453c305d 
Number of updated asset objects reloaded before import = 0Number of asset objects unloaded after import = 1

========================================================================
Received Import Request.
  Time since last request: 0.000028 seconds.
  path: Assets/Map/Linhtinh/cayco1_3.asset
  importAddress: Guid(1f40a9b8c5e7c884ba1c4e773c062fd5) Importer(2089858483,b0f066a214c2f5e87bad3c948f4d605d)
Start importing Assets/Map/Linhtinh/cayco1_3.asset using Guid(1f40a9b8c5e7c884ba1c4e773c062fd5) Importer(2089858483,b0f066a214c2f5e87bad3c948f4d605d) (ScriptedImporter) -> (Import Result ID: '2b44c27f7b3aaca8940cb88989e5760b') in 0.0196171 seconds [static and dynamic dependencies]. Details - ImportResultOutputID=2c0240c7b7723637bc522a8fc23dd8cb DependenciesID=5a79b42fbea4176e401653e1cdb8f541 StaticDependenciesID=951a8e2708fc1b3d5466cc5dfa234915 
Number of updated asset objects reloaded before import = 0Number of asset objects unloaded after import = 2

========================================================================
Received Import Request.
  Time since last request: 0.000024 seconds.
  path: Assets/Map/Linhtinh/buicay_14.asset
  importAddress: Guid(fe2711448d3d3fa41a51ee152e6ba666) Importer(2089858483,b0f066a214c2f5e87bad3c948f4d605d)
Start importing Assets/Map/Linhtinh/buicay_14.asset using Guid(fe2711448d3d3fa41a51ee152e6ba666) Importer(2089858483,b0f066a214c2f5e87bad3c948f4d605d) (ScriptedImporter) -> (Import Result ID: '2d0e61a632268395e6f7ee0ea93422a2') in 0.014917 seconds [static and dynamic dependencies]. Details - ImportResultOutputID=bb8c5b98eff192963f3b6d210230c5a8 DependenciesID=ad17bd5167796df90a022c06d7dacc21 StaticDependenciesID=1f36234c494386c88fc8c8207fa3bedd 
Number of updated asset objects reloaded before import = 0Number of asset objects unloaded after import = 2

========================================================================
Received Import Request.
  Time since last request: 0.000020 seconds.
  path: Assets/Map/Linhtinh/cayco1_2.asset
  importAddress: Guid(143cc35db6013b64db3e2c4e0f41be87) Importer(2089858483,b0f066a214c2f5e87bad3c948f4d605d)
Start importing Assets/Map/Linhtinh/cayco1_2.asset using Guid(143cc35db6013b64db3e2c4e0f41be87) Importer(2089858483,b0f066a214c2f5e87bad3c948f4d605d) (ScriptedImporter) -> (Import Result ID: '3d07e6ac832ab1c4fe465edad48a2b10') in 0.0208315 seconds [static and dynamic dependencies]. Details - ImportResultOutputID=06264e14076150dbb2e65c64a5d2299e DependenciesID=1690d4e24dafcff295d2381eeab4a9ff StaticDependenciesID=fed24ddfa5623764f7de9158329374fb 
Number of updated asset objects reloaded before import = 0Number of asset objects unloaded after import = 2

========================================================================
Received Import Request.
  Time since last request: 0.000052 seconds.
  path: Assets/Map/Linhtinh/cayco_4.asset
  importAddress: Guid(45676a092b884114cb772c9dba1e9b4e) Importer(2089858483,b0f066a214c2f5e87bad3c948f4d605d)
Start importing Assets/Map/Linhtinh/cayco_4.asset using Guid(45676a092b884114cb772c9dba1e9b4e) Importer(2089858483,b0f066a214c2f5e87bad3c948f4d605d) (ScriptedImporter) -> (Import Result ID: 'a2da0c204098c2a78a0289d1531bae14') in 0.0184262 seconds [static and dynamic dependencies]. Details - ImportResultOutputID=1cc6c94329a2176e4adb881bcadc45ad DependenciesID=0e1c8eade150bc7aa76c16dc7613a8d2 StaticDependenciesID=ed3760681efc193d08b23c561a282604 
Number of updated asset objects reloaded before import = 0Number of asset objects unloaded after import = 2

========================================================================
Received Import Request.
  Time since last request: 0.000039 seconds.
  path: Assets/Map/Linhtinh/buicay_11.asset
  importAddress: Guid(38ff8efe41d981f41854f3277efa5474) Importer(2089858483,b0f066a214c2f5e87bad3c948f4d605d)
Start importing Assets/Map/Linhtinh/buicay_11.asset using Guid(38ff8efe41d981f41854f3277efa5474) Importer(2089858483,b0f066a214c2f5e87bad3c948f4d605d) (ScriptedImporter) -> (Import Result ID: '52ab62d21b14b097c22abd1b12fe33c0') in 0.015703 seconds [static and dynamic dependencies]. Details - ImportResultOutputID=d617722077376853bda62deba5daa7f2 DependenciesID=3bb87a018a1412f48509e1773093afec StaticDependenciesID=3c08425137796090249e8cd632278ef8 
Number of updated asset objects reloaded before import = 0Number of asset objects unloaded after import = 2

========================================================================
Received Import Request.
  Time since last request: 0.000020 seconds.
  path: Assets/Map/Linhtinh/cayco_2.asset
  importAddress: Guid(d52a6b0b9a613474a902d9feec5989c2) Importer(2089858483,b0f066a214c2f5e87bad3c948f4d605d)
Start importing Assets/Map/Linhtinh/cayco_2.asset using Guid(d52a6b0b9a613474a902d9feec5989c2) Importer(2089858483,b0f066a214c2f5e87bad3c948f4d605d) (ScriptedImporter) -> (Import Result ID: 'e81be6e1a9028f3db12a904f1247419f') in 0.0183191 seconds [static and dynamic dependencies]. Details - ImportResultOutputID=3ae7771da2a5c7df949588e17d6eaf81 DependenciesID=04c10a250d0de2a1c337114703083ff9 StaticDependenciesID=990c151ad93103b83bf7b4372819bd10 
Number of updated asset objects reloaded before import = 0Number of asset objects unloaded after import = 2

========================================================================
Received Import Request.
  Time since last request: 0.000030 seconds.
  path: Assets/Map/Linhtinh/buicay_6.asset
  importAddress: Guid(4470214e981533949a7806a7b77b0e19) Importer(2089858483,b0f066a214c2f5e87bad3c948f4d605d)
Start importing Assets/Map/Linhtinh/buicay_6.asset using Guid(4470214e981533949a7806a7b77b0e19) Importer(2089858483,b0f066a214c2f5e87bad3c948f4d605d) (ScriptedImporter) -> (Import Result ID: '1f3a52ca7ffe6020d7b42e0910ac70d5') in 0.0157182 seconds [static and dynamic dependencies]. Details - ImportResultOutputID=5bddd4cf519c8baa392a038a9304f732 DependenciesID=b7451541df4b74cafe333a12eaecfb1f StaticDependenciesID=cd1c236639080ba22ce74acab65dce46 
Number of updated asset objects reloaded before import = 0Number of asset objects unloaded after import = 2

========================================================================
Received Import Request.
  Time since last request: 0.000023 seconds.
  path: Assets/Map/Linhtinh/buicay_1.asset
  importAddress: Guid(32d4a3f184b08d0428f532ec169b9b33) Importer(2089858483,b0f066a214c2f5e87bad3c948f4d605d)
Start importing Assets/Map/Linhtinh/buicay_1.asset using Guid(32d4a3f184b08d0428f532ec169b9b33) Importer(2089858483,b0f066a214c2f5e87bad3c948f4d605d) (ScriptedImporter) -> (Import Result ID: '1beb5b435b8cbcadae3a969b5d7ad689') in 0.0153898 seconds [static and dynamic dependencies]. Details - ImportResultOutputID=adabb03293e968f877e074b7d9c64f73 DependenciesID=042ff7512a69c975ac3a15e9b20993fe StaticDependenciesID=1648d8028aa1c18c343a1ce582f40daa 
Number of updated asset objects reloaded before import = 0Number of asset objects unloaded after import = 2

========================================================================
Received Import Request.
  Time since last request: 0.000022 seconds.
  path: Assets/Map/Linhtinh/cayco_9.asset
  importAddress: Guid(1bcc06af94013f543a7aa1f3cf4090f9) Importer(2089858483,b0f066a214c2f5e87bad3c948f4d605d)
Start importing Assets/Map/Linhtinh/cayco_9.asset using Guid(1bcc06af94013f543a7aa1f3cf4090f9) Importer(2089858483,b0f066a214c2f5e87bad3c948f4d605d) (ScriptedImporter) -> (Import Result ID: 'ca481e271223c64be2d8168c05b58e34') in 0.015377 seconds [static and dynamic dependencies]. Details - ImportResultOutputID=fcd2bb3486638599912518ebb5dbb6f8 DependenciesID=54bc704b7bd2ff41c5596852120578ab StaticDependenciesID=6a1aefe3f1d0876e3f888851e29a1a20 
Number of updated asset objects reloaded before import = 0Number of asset objects unloaded after import = 2

========================================================================
Received Import Request.
  Time since last request: 0.000036 seconds.
  path: Assets/Map/Linhtinh/cayco_5.asset
  importAddress: Guid(0ad92ab2fd5ec664c8a78f69f6b055d2) Importer(2089858483,b0f066a214c2f5e87bad3c948f4d605d)
Start importing Assets/Map/Linhtinh/cayco_5.asset using Guid(0ad92ab2fd5ec664c8a78f69f6b055d2) Importer(2089858483,b0f066a214c2f5e87bad3c948f4d605d) (ScriptedImporter) -> (Import Result ID: '2d22fc1cba72e36bffbaf07799fffd87') in 0.0175207 seconds [static and dynamic dependencies]. Details - ImportResultOutputID=fbfed0f8b196b36bb9b0c122200f3eec DependenciesID=1c3c2686d6c5ee73eddee1b1fa306313 StaticDependenciesID=4da74bb349546f206bb05a155cdbbc23 
Number of updated asset objects reloaded before import = 0Number of asset objects unloaded after import = 2

========================================================================
Received Import Request.
  Time since last request: 0.000052 seconds.
  path: Assets/Map/Linhtinh/nhachinh_0.asset
  importAddress: Guid(2759933b67a695e4680d9da9e08057e3) Importer(2089858483,b0f066a214c2f5e87bad3c948f4d605d)
Start importing Assets/Map/Linhtinh/nhachinh_0.asset using Guid(2759933b67a695e4680d9da9e08057e3) Importer(2089858483,b0f066a214c2f5e87bad3c948f4d605d) (ScriptedImporter) -> (Import Result ID: '7e5eaf7998147b889c79a7ec6c8ffafa') in 0.0154585 seconds [static and dynamic dependencies]. Details - ImportResultOutputID=839b98dedcb0107699926f795c8f5064 DependenciesID=f999c9e6c8cb79a792c4e2343ddf1dec StaticDependenciesID=0458a471b4b18d72a8fc415953cc7c57 
Number of updated asset objects reloaded before import = 0Number of asset objects unloaded after import = 2

========================================================================
Received Import Request.
  Time since last request: 0.000025 seconds.
  path: Assets/Map/Spitess/cau.png
  importAddress: Guid(a2f27cf7b1fc0e74785f259c1af26632) Importer(2089858483,b0f066a214c2f5e87bad3c948f4d605d)
Start importing Assets/Map/Spitess/cau.png using Guid(a2f27cf7b1fc0e74785f259c1af26632) Importer(2089858483,b0f066a214c2f5e87bad3c948f4d605d) (ScriptedImporter) -> (Import Result ID: '3f81fba2786d07103aa014b61c052580') in 0.0239712 seconds [static and dynamic dependencies]. Details - ImportResultOutputID=e97d02ff0034114e69b58844235fddea DependenciesID=ef8367e0b0f1712dfb002ec8ec644a88 StaticDependenciesID=418f08581055a51bb89935688e04febb 
Number of updated asset objects reloaded before import = 0Number of asset objects unloaded after import = 3

========================================================================
Received Import Request.
  Time since last request: 0.000023 seconds.
  path: Assets/Map/Linhtinh/nhakho_0.asset
  importAddress: Guid(6d6517a179ec56743a91d0031b8fbd8c) Importer(2089858483,b0f066a214c2f5e87bad3c948f4d605d)
Start importing Assets/Map/Linhtinh/nhakho_0.asset using Guid(6d6517a179ec56743a91d0031b8fbd8c) Importer(2089858483,b0f066a214c2f5e87bad3c948f4d605d) (ScriptedImporter) -> (Import Result ID: 'fd5b2f9efaac9a3f4e344475456c2071') in 0.0168804 seconds [static and dynamic dependencies]. Details - ImportResultOutputID=fa694d00d3dcfb49d93f89f09e1af74c DependenciesID=35a4f23470793c7ad007e66f5b4b1381 StaticDependenciesID=80566c0dd6a7925efa00493f42d9efba 
Number of updated asset objects reloaded before import = 0Number of asset objects unloaded after import = 2

========================================================================
Received Import Request.
  Time since last request: 0.000025 seconds.
  path: Assets/Map/Linhtinh/buicay_9.asset
  importAddress: Guid(b15b6421de5d45440a58354fe3df8553) Importer(2089858483,b0f066a214c2f5e87bad3c948f4d605d)
Start importing Assets/Map/Linhtinh/buicay_9.asset using Guid(b15b6421de5d45440a58354fe3df8553) Importer(2089858483,b0f066a214c2f5e87bad3c948f4d605d) (ScriptedImporter) -> (Import Result ID: '685576b23f05ce417f4136523413e866') in 0.0159881 seconds [static and dynamic dependencies]. Details - ImportResultOutputID=59e2090ed59ffc8dd14ceb9e3383bb4b DependenciesID=72560fe66d6a7f66a17f57a86c03e7a1 StaticDependenciesID=4961807a4823058763c3f1a93a70a840 
Number of updated asset objects reloaded before import = 0Number of asset objects unloaded after import = 2

========================================================================
Received Import Request.
  Time since last request: 0.000079 seconds.
  path: Assets/Map/Spitess/nhakho.png
  importAddress: Guid(5e52c497b60aa754ba49140a5f039b11) Importer(2089858483,b0f066a214c2f5e87bad3c948f4d605d)
Start importing Assets/Map/Spitess/nhakho.png using Guid(5e52c497b60aa754ba49140a5f039b11) Importer(2089858483,b0f066a214c2f5e87bad3c948f4d605d) (ScriptedImporter) -> (Import Result ID: '63d227a534f0560a2e21875af3e4492d') in 0.0189641 seconds [static and dynamic dependencies]. Details - ImportResultOutputID=929e7596ce92eb862d32bf91287c1da6 DependenciesID=1bf25c0cc93a4b777083ccfafb8abcff StaticDependenciesID=41e3ac87c12943fd65faf833d3ad0462 
Number of updated asset objects reloaded before import = 0Number of asset objects unloaded after import = 3

========================================================================
Received Import Request.
  Time since last request: 0.000026 seconds.
  path: Assets/Map/Spitess/cayco2.png
  importAddress: Guid(b0788e74626e3fa4499c56320eccf4f8) Importer(2089858483,b0f066a214c2f5e87bad3c948f4d605d)
Start importing Assets/Map/Spitess/cayco2.png using Guid(b0788e74626e3fa4499c56320eccf4f8) Importer(2089858483,b0f066a214c2f5e87bad3c948f4d605d) (ScriptedImporter) -> (Import Result ID: '78cbfc49447873e0ffa3d3afc842e70a') in 0.0378412 seconds [static and dynamic dependencies]. Details - ImportResultOutputID=e83a9b0f1d6d663d7a498b541e04d6d5 DependenciesID=6109f873ea05852bde05e1c3db90f134 StaticDependenciesID=729c6b7ef7289c3241e15c75f6d9a50b 
Number of updated asset objects reloaded before import = 0Number of asset objects unloaded after import = 7

========================================================================
Received Import Request.
  Time since last request: 0.000036 seconds.
  path: Assets/Map/Linhtinh/cay2_5.asset
  importAddress: Guid(9a246638619640c4197839467da5502a) Importer(2089858483,b0f066a214c2f5e87bad3c948f4d605d)
Start importing Assets/Map/Linhtinh/cay2_5.asset using Guid(9a246638619640c4197839467da5502a) Importer(2089858483,b0f066a214c2f5e87bad3c948f4d605d) (ScriptedImporter) -> (Import Result ID: '78b0840915bfdcb8abbe330bf5b9601d') in 0.0167606 seconds [static and dynamic dependencies]. Details - ImportResultOutputID=46449ebb63c668ae52915bc03fc6ad38 DependenciesID=24222d1843eaa931a347724abbc3c5b7 StaticDependenciesID=59b85979cdd183db71640121ba51b431 
Number of updated asset objects reloaded before import = 0Number of asset objects unloaded after import = 2

Editor requested this worker to shutdown with reason: Scaling down because of idle timeout
AssetImportWorker is now disconnected from the server
Process exiting
Exiting without the bug reporter. Application will terminate with return code 0