[Licensing::Module] Trying to connect to existing licensing client channel...
Built from '6000.4/staging' branch; Version is '6000.4.0f1 (8cf496087c8f) revision 9237654'; Using compiler version '194234433'; Build Type 'Release'
OS: 'Windows 11  (10.0.26200) CoreSingleLanguage' Language: 'en' Physical Memory: 16104 MB
BatchMode: 1, IsHumanControllingUs: 0, StartBugReporterOnCrash: 0, Is64bit: 1
System  architecture: x64
Process architecture: x64
Date: 2026-04-06T14:03:02Z
[Licensing::IpcConnector] Successfully connected to: "LicenseClient-GIGABUYTE" at "2026-04-06T14:03:02.6693045Z"

COMMAND LINE ARGUMENTS:
C:\Program Files\Unity\Hub\Editor\6000.4.0f1\Editor\Unity.exe
-adb2
-batchMode
-noUpm
-name
AssetImportWorker2
-projectPath
D:/Project Game TTDT/Final
-logFile
Logs/AssetImportWorker2.log
-srvPort
63225
-licensingIpc
LicenseClient-GIGABUYTE
-force-d3d12
-job-worker-count
5
-background-job-worker-count
8
-gc-helper-count
1
-name
AssetImport
Successfully changed project path to: D:/Project Game TTDT/Final
D:/Project Game TTDT/Final
[UnityMemory] Configuration Parameters - Can be set up in boot.config
    "memorysetup-temp-allocator-size-gi-baking-worker=262144"
    "memorysetup-temp-allocator-size-gi-baking-worker=262144"
    "memorysetup-temp-allocator-size-gi-baking-worker=262144"
    "memorysetup-temp-allocator-size-gi-baking-worker=262144"
    "memorysetup-temp-allocator-size-gi-baking-worker=262144"
    "memorysetup-temp-allocator-size-nav-mesh-worker=65536"
    "memorysetup-temp-allocator-size-audio-worker=65536"
    "memorysetup-temp-allocator-size-cloud-worker=32768"
    "memorysetup-temp-allocator-size-gfx=262144"
    "memorysetup-temp-allocator-size-preload-manager=33554432"
    "memorysetup-temp-allocator-size-job-worker=262144"
    "memorysetup-temp-allocator-size-background-worker=32768"
    "memorysetup-allocator-temp-initial-block-size-main=262144"
    "memorysetup-allocator-temp-initial-block-size-worker=262144"
    "memorysetup-bucket-allocator-granularity=16"
    "memorysetup-bucket-allocator-bucket-count=8"
    "memorysetup-bucket-allocator-block-size=33554432"
    "memorysetup-bucket-allocator-block-count=8"
    "memorysetup-main-allocator-block-size=16777216"
    "memorysetup-thread-allocator-block-size=16777216"
    "memorysetup-gfx-main-allocator-block-size=16777216"
    "memorysetup-gfx-thread-allocator-block-size=16777216"
    "memorysetup-cache-allocator-block-size=4194304"
    "memorysetup-typetree-allocator-block-size=2097152"
    "memorysetup-profiler-bucket-allocator-granularity=16"
    "memorysetup-profiler-bucket-allocator-bucket-count=8"
    "memorysetup-profiler-bucket-allocator-block-size=33554432"
    "memorysetup-profiler-bucket-allocator-block-count=8"
    "memorysetup-profiler-allocator-block-size=16777216"
    "memorysetup-profiler-editor-allocator-block-size=1048576"
    "memorysetup-temp-allocator-size-main=16777216"
    "memorysetup-job-temp-allocator-block-size=2097152"
    "memorysetup-job-temp-allocator-block-size-background=1048576"
    "memorysetup-job-temp-allocator-reduction-small-platforms=262144"
Player connection [3220]  Target information:

Player connection [3220]  * "[IP] 192.168.1.9 [Port] 0 [Flags] 2 [Guid] 3855131525 [EditorId] 3855131525 [Version] 1048832 [Id] WindowsEditor(7,DESKTOP-83LP9EF) [Debug] 1 [PackageName] WindowsEditor [ProjectName] Editor" 

Player connection [3220] Host joined multi-casting on [225.0.0.222:54997]...
Player connection [3220] Host joined alternative multi-casting on [225.0.0.222:34997]...
JobSystem: Creating JobQueue using job-worker-count value 5
Input System module state changed to: Initialized.
[Physics::Module] Initialized fallback backend.
[Physics::Module] Id: 0xdecafbad
Library Redirect Path: Library/
[Physics::Module] Selected backend.
[Physics::Module] Name: PhysX
[Physics::Module] Id: 0xf2b8ea05
[Physics::Module] SDK Version: 4.1.2
[Physics::Module] Integration Version: 1.0.0
[Physics::Module] Threading Mode: Multi-Threaded
Refreshing native plugins compatible for Editor in 20.84 ms, found 7 plugins.
Initialize engine version: 6000.4.0f1 (8cf496087c8f)
[Subsystems] Discovering subsystems at path C:/Program Files/Unity/Hub/Editor/6000.4.0f1/Editor/Data/Resources/UnitySubsystems
[Subsystems] Discovering subsystems at path D:/Project Game TTDT/Final/Assets
Forcing GfxDevice: Direct3D 12
GfxDevice: creating device client; kGfxThreadingModeNonThreaded
d3d12: failed to query info queue interface (0x80004002).
Direct3D:
    Version:         Direct3D 12 [level 12.2]
    Renderer:        NVIDIA GeForce RTX 4050 Laptop GPU (ID=0x28a1)
    Vendor:          NVIDIA
    VRAM:            5920 MB
    App VRAM Budget: 5152 MB
    Driver:          32.0.15.9159
Initialize mono
Mono path[0] = 'C:/Program Files/Unity/Hub/Editor/6000.4.0f1/Editor/Data/Managed'
Mono path[1] = 'C:/Program Files/Unity/Hub/Editor/6000.4.0f1/Editor/Data/MonoBleedingEdge/lib/mono/unityjit-win32'
Mono config path = 'C:/Program Files/Unity/Hub/Editor/6000.4.0f1/Editor/Data/MonoBleedingEdge/etc'
Using monoOptions --debugger-agent=transport=dt_socket,embedding=1,server=y,suspend=n,address=127.0.0.1:56808
CodeReloadManager initialized
Begin MonoManager ReloadAssembly
Registering precompiled unity dll's ...
Register platform support module: C:/Program Files/Unity/Hub/Editor/6000.4.0f1/Editor/Data/PlaybackEngines/WindowsStandaloneSupport/UnityEditor.WindowsStandalone.Extensions.dll
Registered in 0.003983 seconds.
Native extension for WindowsStandalone target not found
Package Manager log level set to [2]
[Package Manager] Failed to launch server process. Reason: Unity was launched with the -noUpm command-line argument
[Package Manager] Unable to send message (not connected to server process).
[Package Manager] Cannot connect to Unity Package Manager local server
ScheduleIndexationOnStartup MainProcess:False IndexOnStartup:True
Mono: successfully reloaded assembly
- Finished resetting the current domain, in  1.085 seconds
Domain Reload Profiling: 1882ms
	BeginReloadAssembly (188ms)
	RebuildCommonClasses (75ms)
	RebuildNativeTypeToScriptingClass (28ms)
	initialDomainReloadingComplete (125ms)
	LoadAllAssembliesAndSetupDomain (376ms)
		LoadAssemblies (182ms)
		AnalyzeDomain (358ms)
			TypeCache.Refresh (356ms)
				TypeCache.ScanAssembly (335ms)
	FinalizeReload (1089ms)
		SetupLoadedEditorAssemblies (0ms)
			InitializePlatformSupportModulesInManaged (100ms)
			BeforeProcessingInitializeOnLoad (211ms)
			ProcessInitializeOnLoadAttributes (397ms)
			ProcessInitializeOnLoadMethodAttributes (243ms)
========================================================================
Worker process is ready to serve import requests
Import Worker Mode flag is 0x00
Begin MonoManager ReloadAssembly
[Licensing::Module] Licensing is not yet initialized.
[Licensing::Client] Error: HandshakeResponse reported an error:
	ResponseCode: 505
	ResponseStatus: Unsupported protocol version '1.18.1'.
[Licensing::Module] Error: Failed to handshake to channel: "LicenseClient-GIGABUYTE"
[Licensing::IpcConnector] LicenseClient-GIGABUYTE channel disconnected successfully.
[Licensing::IpcConnector] Successfully connected to: "LicenseClient-GIGABUYTE-6000.4.0" at "2026-04-06T14:03:06.8299439Z"
[Licensing::Client] Handshaking with LicensingClient:
  Version:                 1.18.1+9fbee8e
  Session Id:              4145682e4209464b966ed65d9a1588db
  Correlation Id:          b87b48e0d8226e38850ceae53862b124
  External correlation Id: 8033033297085035845
  Machine Id:              ttg343R107wRBlsyzXGi+bS0jqM=
[Licensing::Module] Successfully connected to LicensingClient on channel: "LicenseClient-GIGABUYTE-6000.4.0" (connect: 0.00s, validation: 0.00s, handshake: 2.83s)
[Licensing::IpcConnector] Successfully connected to: "LicenseClient-GIGABUYTE-6000.4.0-notifications" at "2026-04-06T14:03:09.6652422Z"
[Licensing::Module] Licensing Background thread has ended after 7.00s
[Licensing::Module] Licensing is initialized (took 2.93s).
[Licensing::Client] Successfully resolved entitlement details
[Licensing::Module] License group:
  Id: 18968408505739-UnityPersXXXX
  Product: Unity Personal
  Type: Assigned
  Expiration: Unlimited
Assembly Assembly-CSharp-Editor-firstpass.dll at Library/ScriptAssemblies/Assembly-CSharp-Editor-firstpass.dll not valid. Loading of assembly skipped.
Assembly Assembly-CSharp-firstpass.dll at Library/ScriptAssemblies/Assembly-CSharp-firstpass.dll not valid. Loading of assembly skipped.
Assembly DocCodeExamples.dll at Library/ScriptAssemblies/DocCodeExamples.dll not valid. Loading of assembly skipped.
Assembly TestNewCustomAssembly.dll at Library/ScriptAssemblies/TestNewCustomAssembly.dll not valid. Loading of assembly skipped.
Assembly Unity.2D.Animation.EditorTests.dll at Library/ScriptAssemblies/Unity.2D.Animation.EditorTests.dll not valid. Loading of assembly skipped.
Assembly Unity.2D.Aseprite.EditorTests.dll at Library/ScriptAssemblies/Unity.2D.Aseprite.EditorTests.dll not valid. Loading of assembly skipped.
Assembly Unity.2D.Common.EditorTests.dll at Library/ScriptAssemblies/Unity.2D.Common.EditorTests.dll not valid. Loading of assembly skipped.
Assembly Unity.2D.Psdimporter.EditorTests.dll at Library/ScriptAssemblies/Unity.2D.Psdimporter.EditorTests.dll not valid. Loading of assembly skipped.
Assembly Unity.2D.Sprite.Package.EditorTests.dll at Library/ScriptAssemblies/Unity.2D.Sprite.Package.EditorTests.dll not valid. Loading of assembly skipped.
Assembly Unity.2D.SpriteShape.EditorTests.dll at Library/ScriptAssemblies/Unity.2D.SpriteShape.EditorTests.dll not valid. Loading of assembly skipped.
Assembly Unity.2D.Tilemap.Package.EditorTests.dll at Library/ScriptAssemblies/Unity.2D.Tilemap.Package.EditorTests.dll not valid. Loading of assembly skipped.
Assembly Unity.Collections.BurstCompatibilityGen.dll at Library/ScriptAssemblies/Unity.Collections.BurstCompatibilityGen.dll not valid. Loading of assembly skipped.
Assembly Unity.Collections.DocCodeSamples.dll at Library/ScriptAssemblies/Unity.Collections.DocCodeSamples.dll not valid. Loading of assembly skipped.
Assembly Unity.Collections.PerformanceTests.dll at Library/ScriptAssemblies/Unity.Collections.PerformanceTests.dll not valid. Loading of assembly skipped.
Assembly Unity.Collections.Tests.dll at Library/ScriptAssemblies/Unity.Collections.Tests.dll not valid. Loading of assembly skipped.
Assembly Unity.Collections.Tests.Playmode.dll at Library/ScriptAssemblies/Unity.Collections.Tests.Playmode.dll not valid. Loading of assembly skipped.
Assembly Unity.InputSystem.IntegrationTests.dll at Library/ScriptAssemblies/Unity.InputSystem.IntegrationTests.dll not valid. Loading of assembly skipped.
Assembly Unity.Mathematics.Tests.dll at Library/ScriptAssemblies/Unity.Mathematics.Tests.dll not valid. Loading of assembly skipped.
Assembly Unity.Multiplayer.Center.Editor.Tests.dll at Library/ScriptAssemblies/Unity.Multiplayer.Center.Editor.Tests.dll not valid. Loading of assembly skipped.
Assembly Unity.Multiplayer.Center.Tests.dll at Library/ScriptAssemblies/Unity.Multiplayer.Center.Tests.dll not valid. Loading of assembly skipped.
Assembly Unity.Nuget.Mono-Cecil.dll at Library/ScriptAssemblies/Unity.Nuget.Mono-Cecil.dll not valid. Loading of assembly skipped.
Assembly Unity.PathTracing.Editor.Tests.dll at Library/ScriptAssemblies/Unity.PathTracing.Editor.Tests.dll not valid. Loading of assembly skipped.
Assembly Unity.PathTracing.Runtime.Tests.dll at Library/ScriptAssemblies/Unity.PathTracing.Runtime.Tests.dll not valid. Loading of assembly skipped.
Assembly Unity.RenderPipelines.Core.Editor.Tests.dll at Library/ScriptAssemblies/Unity.RenderPipelines.Core.Editor.Tests.dll not valid. Loading of assembly skipped.
Assembly Unity.RenderPipelines.Core.Runtime.Tests.dll at Library/ScriptAssemblies/Unity.RenderPipelines.Core.Runtime.Tests.dll not valid. Loading of assembly skipped.
Assembly Unity.RenderPipelines.Universal.Config.Editor.Tests.dll at Library/ScriptAssemblies/Unity.RenderPipelines.Universal.Config.Editor.Tests.dll not valid. Loading of assembly skipped.
Assembly Unity.RenderPipelines.Universal.Editor.Tests.dll at Library/ScriptAssemblies/Unity.RenderPipelines.Universal.Editor.Tests.dll not valid. Loading of assembly skipped.
Assembly Unity.RenderPipelines.Universal.Runtime.Tests.dll at Library/ScriptAssemblies/Unity.RenderPipelines.Universal.Runtime.Tests.dll not valid. Loading of assembly skipped.
Assembly Unity.Searcher.EditorTests.dll at Library/ScriptAssemblies/Unity.Searcher.EditorTests.dll not valid. Loading of assembly skipped.
Assembly Unity.ShaderGraph.Editor.Tests.dll at Library/ScriptAssemblies/Unity.ShaderGraph.Editor.Tests.dll not valid. Loading of assembly skipped.
Assembly Unity.TextMeshPro.Editor.Tests.dll at Library/ScriptAssemblies/Unity.TextMeshPro.Editor.Tests.dll not valid. Loading of assembly skipped.
Assembly Unity.TextMeshPro.Tests.dll at Library/ScriptAssemblies/Unity.TextMeshPro.Tests.dll not valid. Loading of assembly skipped.
Assembly Unity.UnifiedRayTracing.Editor.Tests.dll at Library/ScriptAssemblies/Unity.UnifiedRayTracing.Editor.Tests.dll not valid. Loading of assembly skipped.
Assembly UnityEditor.UI.Common.Tests.dll at Library/ScriptAssemblies/UnityEditor.UI.Common.Tests.dll not valid. Loading of assembly skipped.
Assembly UnityEditor.UI.EditorTests.dll at Library/ScriptAssemblies/UnityEditor.UI.EditorTests.dll not valid. Loading of assembly skipped.
Assembly UnityEngine.UI.Tests.dll at Library/ScriptAssemblies/UnityEngine.UI.Tests.dll not valid. Loading of assembly skipped.
Symbol file LoadedFromMemory is not a mono symbol file
Refreshing native plugins compatible for Editor in 4.10 ms, found 7 plugins.
Native extension for WindowsStandalone target not found
[Package Manager] Failed to launch server process. Reason: Unity was launched with the -noUpm command-line argument
[Package Manager] Unable to send message (not connected to server process).
[Package Manager] Cannot connect to Unity Package Manager local server
[Package Manager] Failed to launch server process. Reason: Unity was launched with the -noUpm command-line argument
[Package Manager] Unable to send message (not connected to server process).
[Package Manager] Cannot connect to Unity Package Manager local server
ScheduleIndexationOnStartup MainProcess:False IndexOnStartup:True
Mono: successfully reloaded assembly
- Finished resetting the current domain, in  1.274 seconds
Domain Reload Profiling: 5320ms
	BeginReloadAssembly (3146ms)
		DisableScriptedObjects (8ms)
		CreateAndSetChildDomain (37ms)
	RebuildCommonClasses (51ms)
	RebuildNativeTypeToScriptingClass (17ms)
	initialDomainReloadingComplete (90ms)
	LoadAllAssembliesAndSetupDomain (742ms)
		LoadAssemblies (449ms)
		AnalyzeDomain (376ms)
			TypeCache.Refresh (262ms)
				TypeCache.ScanAssembly (237ms)
			BuildScriptInfoCaches (94ms)
			ResolveRequiredComponents (17ms)
	FinalizeReload (1275ms)
		SetupLoadedEditorAssemblies (0ms)
			BeforeProcessingInitializeOnLoad (187ms)
			ProcessInitializeOnLoadAttributes (655ms)
			ProcessInitializeOnLoadMethodAttributes (188ms)
			AfterProcessingInitializeOnLoad (5ms)
		AwakeInstancesAfterBackupRestoration (8ms)
Launched and connected shader compiler UnityShaderCompiler.exe after 0.02 seconds
Refreshing native plugins compatible for Editor in 2.87 ms, found 7 plugins.
Unloading 24 Unused Serialized files (Serialized files now loaded: 0)
Unloading 7072 unused Assets / (5.5 MB). Loaded Objects now: 7894.
Memory consumption went from 166.0 MB to 160.5 MB.
Total: 12.083900 ms (FindLiveObjects: 1.746000 ms CreateObjectMapping: 0.700100 ms MarkObjects: 6.555400 ms  DeleteObjects: 3.079000 ms)

========================================================================
Received Import Request.
  Time since last request: 3700.014709 seconds.
  path: Assets/Scripts/RecyclableScrollView/IvenItems.cs
  importAddress: Guid(ba9c8af4aaa487f4faff567b7f87143d) Importer(2089858483,b0f066a214c2f5e87bad3c948f4d605d)
Start importing Assets/Scripts/RecyclableScrollView/IvenItems.cs using Guid(ba9c8af4aaa487f4faff567b7f87143d) Importer(2089858483,b0f066a214c2f5e87bad3c948f4d605d) (ScriptedImporter) -> (Import Result ID: '963b20ef4e78b06add07459c4682ed3e') in 0.1090468 seconds [static and dynamic dependencies]. Details - ImportResultOutputID=bf0feca99bf2f78dc59f4ec9c21f8d46 DependenciesID=63213d8ac7369ee8c5e958e77cc20728 StaticDependenciesID=3d8ff5c760529a079311ed23332e1e47 
Number of updated asset objects reloaded before import = 0Number of asset objects unloaded after import = 0

========================================================================
Received Import Request.
  Time since last request: 0.000038 seconds.
  path: Assets/Scripts/CropManager.cs
  importAddress: Guid(df3edd406c3310d46b092def58aac5fa) Importer(2089858483,b0f066a214c2f5e87bad3c948f4d605d)
Start importing Assets/Scripts/CropManager.cs using Guid(df3edd406c3310d46b092def58aac5fa) Importer(2089858483,b0f066a214c2f5e87bad3c948f4d605d) (ScriptedImporter) -> (Import Result ID: '20e3af38be3aaa45170f87e339ed5d72') in 0.0151485 seconds [static and dynamic dependencies]. Details - ImportResultOutputID=1a0291124a20cfbd0fba4bf7b873127e DependenciesID=01cb92f6204987d4386943308ffd922f StaticDependenciesID=7ba4271e32194b621d70a98f68fbca62 
Number of updated asset objects reloaded before import = 0Number of asset objects unloaded after import = 0

========================================================================
Received Import Request.
  Time since last request: 0.000026 seconds.
  path: Assets/Scripts/RecyclableScrollView/CellItemData.cs
  importAddress: Guid(55e53094c51a645498558a6c0176a7be) Importer(2089858483,b0f066a214c2f5e87bad3c948f4d605d)
Start importing Assets/Scripts/RecyclableScrollView/CellItemData.cs using Guid(55e53094c51a645498558a6c0176a7be) Importer(2089858483,b0f066a214c2f5e87bad3c948f4d605d) (ScriptedImporter) -> (Import Result ID: 'ae957fcc248720fedaa939f5a669356c') in 0.0141452 seconds [static and dynamic dependencies]. Details - ImportResultOutputID=b873db8dced6131d4dc065be026cc1aa DependenciesID=2782f94522d7a4a1ae148cf474dd4138 StaticDependenciesID=da836989472c5bc53bf72a1abee25980 
Number of updated asset objects reloaded before import = 0Number of asset objects unloaded after import = 0

========================================================================
Received Import Request.
  Time since last request: 0.000019 seconds.
  path: Assets/Scripts/mapexit.cs
  importAddress: Guid(4d929a2c85792f643947ba7673714659) Importer(2089858483,b0f066a214c2f5e87bad3c948f4d605d)
Start importing Assets/Scripts/mapexit.cs using Guid(4d929a2c85792f643947ba7673714659) Importer(2089858483,b0f066a214c2f5e87bad3c948f4d605d) (ScriptedImporter) -> (Import Result ID: '3272d1b208f06982793a8c79f6a97426') in 0.0174064 seconds [static and dynamic dependencies]. Details - ImportResultOutputID=cfdbf2b4597a4eaecb3777986e9f5d42 DependenciesID=fa78691cd8d08706420871519acc0d16 StaticDependenciesID=11e3f1a131b942ba1fa410500354e53f 
Number of updated asset objects reloaded before import = 0Number of asset objects unloaded after import = 0

========================================================================
Received Import Request.
  Time since last request: 0.032379 seconds.
  path: Assets/Model/player.prefab
  importAddress: Guid(73b54430d4e446143be362c6edddc254) Importer(815301076,1909f56bfc062723c751e8b465ee728b)
Start importing Assets/Model/player.prefab using Guid(73b54430d4e446143be362c6edddc254) Importer(815301076,1909f56bfc062723c751e8b465ee728b) (PreviewImporter) -> (Import Result ID: 'cfc2536fe6beebc8e8db8b1967970bc0') in 0.5087579 seconds [static and dynamic dependencies]. Details - ImportResultOutputID=d2bb8e7c0d1a243d18ec0ce99d823f1c DependenciesID=3a1a1e085d10fe2c25af77635558f9f3 StaticDependenciesID=2b999f1ea050e787b72f76f54a38765f 
Number of updated asset objects reloaded before import = 0Number of asset objects unloaded after import = 45

========================================================================
Received Import Request.
  Time since last request: 14.057363 seconds.
  path: Assets/Main/file Main (1) (1).png
  importAddress: Guid(8551be8714ec10b4c97a2e79164ed757) Importer(815301076,1909f56bfc062723c751e8b465ee728b)
Start importing Assets/Main/file Main (1) (1).png using Guid(8551be8714ec10b4c97a2e79164ed757) Importer(815301076,1909f56bfc062723c751e8b465ee728b) (PreviewImporter) -> (Import Result ID: '1c21a1b2e8db2fe1f96b1fb724b9e622') in 0.0623985 seconds [static and dynamic dependencies]. Details - ImportResultOutputID=3ba361a7d649fffe26a3a341b6f0d784 DependenciesID=949fda8fd612e1337141ef7cd5f1036d StaticDependenciesID=22555e3e29cf0243a4f05e81a4e7eb8f 
Number of updated asset objects reloaded before import = 0Number of asset objects unloaded after import = 4

========================================================================
Received Import Request.
  Time since last request: 0.874006 seconds.
  path: Assets/Main/file Main (1) (1).png
  importAddress: Guid(8551be8714ec10b4c97a2e79164ed757) Importer(2089858483,b0f066a214c2f5e87bad3c948f4d605d)
Start importing Assets/Main/file Main (1) (1).png using Guid(8551be8714ec10b4c97a2e79164ed757) Importer(2089858483,b0f066a214c2f5e87bad3c948f4d605d) (ScriptedImporter) -> (Import Result ID: '4df8fbc317692fd00ca656c59882c883') in 0.0731327 seconds [static and dynamic dependencies]. Details - ImportResultOutputID=e2b87653225a2a59bd5bcd33e7fe235c DependenciesID=25283908889029a5b35b98151bbcee05 StaticDependenciesID=65565f657aaddeebc950d6c6f3217524 
Number of updated asset objects reloaded before import = 0Number of asset objects unloaded after import = 4

========================================================================
Received Import Request.
  Time since last request: 34.279800 seconds.
  path: Assets/Recyclable Scroll Rect/Main
  importAddress: Guid(945ba811ea1574083a27af2180a95c74) Importer(815301076,1909f56bfc062723c751e8b465ee728b)
Start importing Assets/Recyclable Scroll Rect/Main using Guid(945ba811ea1574083a27af2180a95c74) Importer(815301076,1909f56bfc062723c751e8b465ee728b) (PreviewImporter) -> (Import Result ID: '0edfdeda8aa94620af331b1942aa2062') in 0.0008212 seconds [static and dynamic dependencies]. Details - ImportResultOutputID=869be05bad8fd8f9ac7533e02be14724 DependenciesID=1e4048cfa9633bc805bcff1169b22e87 StaticDependenciesID=baf434a2854bcc29e3af0332f1cafbbe 
Number of updated asset objects reloaded before import = 0Number of asset objects unloaded after import = 0

========================================================================
Received Import Request.
  Time since last request: 3.257935 seconds.
  path: Assets/Settings/DefaultVolumeProfile.asset
  importAddress: Guid(3f9215ea0144899419cfbc0957140d3f) Importer(815301076,1909f56bfc062723c751e8b465ee728b)
Start importing Assets/Settings/DefaultVolumeProfile.asset using Guid(3f9215ea0144899419cfbc0957140d3f) Importer(815301076,1909f56bfc062723c751e8b465ee728b) (PreviewImporter) -> (Import Result ID: '13517ddd13655bb34e9d836aef98069c') in 0.0010413 seconds [static and dynamic dependencies]. Details - ImportResultOutputID=69fe006145016d29bb327cea1225d966 DependenciesID=15b4fd93cf85b93da05f6de27cfa8ab2 StaticDependenciesID=841ee506dc54052f65cc18f1d27be155 
Number of updated asset objects reloaded before import = 0Number of asset objects unloaded after import = 0

========================================================================
Received Import Request.
  Time since last request: 0.000025 seconds.
  path: Assets/Settings/Lit2DSceneTemplate.scenetemplate
  importAddress: Guid(d03ed43fc9d8a4f2e9fa70c1c7916eb9) Importer(815301076,1909f56bfc062723c751e8b465ee728b)
Start importing Assets/Settings/Lit2DSceneTemplate.scenetemplate using Guid(d03ed43fc9d8a4f2e9fa70c1c7916eb9) Importer(815301076,1909f56bfc062723c751e8b465ee728b) (PreviewImporter) -> (Import Result ID: 'f2a46c2d01a0849ddb7668d27ed814a6') in 0.0835492 seconds [static and dynamic dependencies]. Details - ImportResultOutputID=cd9b33b7bb636e6175a3842744225a34 DependenciesID=dc9c491bcb4b00e32e8c5e7c1fa9ef92 StaticDependenciesID=a6989fc22a6e81d4de0582e9114562f6 
Number of updated asset objects reloaded before import = 0Number of asset objects unloaded after import = 4

========================================================================
Received Import Request.
  Time since last request: 35.290502 seconds.
  path: Assets/Scenes/SampleScene.unity
  importAddress: Guid(8c9cfa26abfee488c85f1582747f6a02) Importer(2089858483,b0f066a214c2f5e87bad3c948f4d605d)
Start importing Assets/Scenes/SampleScene.unity using Guid(8c9cfa26abfee488c85f1582747f6a02) Importer(2089858483,b0f066a214c2f5e87bad3c948f4d605d) (ScriptedImporter) -> (Import Result ID: '4c9f6b11eade3f7710b63f53d1eb15d4') in 0.0191876 seconds [static and dynamic dependencies]. Details - ImportResultOutputID=c891c5cc5fbbd317da41165858290d87 DependenciesID=7ece1b0a87f34ddc52f9de233ec1ba84 StaticDependenciesID=a05e1b03ea82233499ea2800af9acad2 
Number of updated asset objects reloaded before import = 0Number of asset objects unloaded after import = 1

========================================================================
Received Import Request.
  Time since last request: 0.000039 seconds.
  path: Assets/Scenes/Home.unity
  importAddress: Guid(a42c41223e1de484fa2fa62695ff3dc9) Importer(2089858483,b0f066a214c2f5e87bad3c948f4d605d)
Start importing Assets/Scenes/Home.unity using Guid(a42c41223e1de484fa2fa62695ff3dc9) Importer(2089858483,b0f066a214c2f5e87bad3c948f4d605d) (ScriptedImporter) -> (Import Result ID: '4221a71b75f23271acaf8d879eccc145') in 0.0196405 seconds [static and dynamic dependencies]. Details - ImportResultOutputID=5d702bffb346b2c4aeb73151cd02d795 DependenciesID=26c39b990e1ac6a6ce32492139e11471 StaticDependenciesID=032446504d8809b6b7b8043f251c37f7 
Number of updated asset objects reloaded before import = 0Number of asset objects unloaded after import = 1

========================================================================
Received Import Request.
  Time since last request: 0.000031 seconds.
  path: Assets/Scenes/Village.unity
  importAddress: Guid(ef9504af0032a19409cd6008f24e5a2c) Importer(2089858483,b0f066a214c2f5e87bad3c948f4d605d)
Start importing Assets/Scenes/Village.unity using Guid(ef9504af0032a19409cd6008f24e5a2c) Importer(2089858483,b0f066a214c2f5e87bad3c948f4d605d) (ScriptedImporter) -> (Import Result ID: '25787b180832d01fb60123445b856b91') in 0.0137534 seconds [static and dynamic dependencies]. Details - ImportResultOutputID=269a9528e36cbaeea8a6b37c1acce283 DependenciesID=85609586a13954548d02e90e1f33c682 StaticDependenciesID=20b0f8ae862422c6e951d11643550af4 
Number of updated asset objects reloaded before import = 0Number of asset objects unloaded after import = 1

========================================================================
Received Import Request.
  Time since last request: 2.856487 seconds.
  path: Assets/Scenes/Home.unity
  importAddress: Guid(a42c41223e1de484fa2fa62695ff3dc9) Importer(815301076,1909f56bfc062723c751e8b465ee728b)
Start importing Assets/Scenes/Home.unity using Guid(a42c41223e1de484fa2fa62695ff3dc9) Importer(815301076,1909f56bfc062723c751e8b465ee728b) (PreviewImporter) -> (Import Result ID: '9ea7b494f9a70169e31bc91aef991e40') in 0.0007827 seconds [static and dynamic dependencies]. Details - ImportResultOutputID=44d755c3ede1474352bda36db124dd51 DependenciesID=5196332325462418e9f3c31779b154d1 StaticDependenciesID=9ac71c0a6efeea1a7c9648848a5cb6fe 
Number of updated asset objects reloaded before import = 0Number of asset objects unloaded after import = 0

========================================================================
Received Import Request.
  Time since last request: 12.235960 seconds.
  path: Assets/Scenes/Village.unity
  importAddress: Guid(ef9504af0032a19409cd6008f24e5a2c) Importer(815301076,1909f56bfc062723c751e8b465ee728b)
Start importing Assets/Scenes/Village.unity using Guid(ef9504af0032a19409cd6008f24e5a2c) Importer(815301076,1909f56bfc062723c751e8b465ee728b) (PreviewImporter) -> (Import Result ID: '126b910edb971f003115d2ec89a7e3d5') in 0.0009938 seconds [static and dynamic dependencies]. Details - ImportResultOutputID=68aa866eb6b14732b85e19975c1c06a8 DependenciesID=c77b78b284f7cb0f1e5e368039319e3e StaticDependenciesID=dd49ab883d5789a780347521dc6c04b4 
Number of updated asset objects reloaded before import = 0Number of asset objects unloaded after import = 0

========================================================================
Received Import Request.
  Time since last request: 1.093209 seconds.
  path: Assets/Scenes/TransitionZone.unity
  importAddress: Guid(60e4001cd013b3447abb0166dc4aa05b) Importer(815301076,1909f56bfc062723c751e8b465ee728b)
Start importing Assets/Scenes/TransitionZone.unity using Guid(60e4001cd013b3447abb0166dc4aa05b) Importer(815301076,1909f56bfc062723c751e8b465ee728b) (PreviewImporter) -> (Import Result ID: '69bc9fc91fc3d214edfa4f4291275749') in 0.0008541 seconds [static and dynamic dependencies]. Details - ImportResultOutputID=f0429b6cb7a0a92ad8284211499509eb DependenciesID=9b29250bca46078a5e44e00c88f46d34 StaticDependenciesID=c841982b70fe3f0d1cb9ae83b662baee 
Number of updated asset objects reloaded before import = 0Number of asset objects unloaded after import = 0

========================================================================
Received Import Request.
  Time since last request: 1.097415 seconds.
  path: Assets/Scenes/TownCenter.unity
  importAddress: Guid(045c8df08eb058a4ebe683a58052a375) Importer(815301076,1909f56bfc062723c751e8b465ee728b)
Start importing Assets/Scenes/TownCenter.unity using Guid(045c8df08eb058a4ebe683a58052a375) Importer(815301076,1909f56bfc062723c751e8b465ee728b) (PreviewImporter) -> (Import Result ID: 'e6f34148bfcb9da41d2b4d20682dc716') in 0.0008729 seconds [static and dynamic dependencies]. Details - ImportResultOutputID=1079c59903aeebba86ebe580a1b7ef46 DependenciesID=873f9a7b1fb60692b4f94d98a4757bea StaticDependenciesID=9dad69f820aaa5ea94c11fd7184eb679 
Number of updated asset objects reloaded before import = 0Number of asset objects unloaded after import = 0

